#
# There is insufficient memory for the Java Runtime Environment to continue.
# Native memory allocation (mmap) failed to map 268435456 bytes for G1 virtual space
# Possible reasons:
#   The system is out of physical RAM or swap space
#   The process is running with CompressedOops enabled, and the Java Heap may be blocking the growth of the native heap
# Possible solutions:
#   Reduce memory load on the system
#   Increase physical memory or swap space
#   Check if swap backing store is full
#   Decrease Java heap size (-Xmx/-Xms)
#   Decrease number of Java threads
#   Decrease Java thread stack sizes (-Xss)
#   Set larger code cache with -XX:ReservedCodeCacheSize=
#   JVM is running with Zero Based Compressed Oops mode in which the Java heap is
#     placed in the first 32GB address space. The Java Heap base address is the
#     maximum limit for the native heap growth. Please use -XX:HeapBaseMinAddress
#     to set the Java Heap base and to place the Java Heap above 32GB virtual address.
# This output file may be truncated or incomplete.
#
#  Out of Memory Error (os_windows.cpp:3532), pid=9716, tid=11076
#
# JRE version:  (17.0.2+8) (build )
# Java VM: OpenJDK 64-Bit Server VM (17.0.2+8-86, mixed mode, sharing, tiered, compressed oops, compressed class ptrs, g1 gc, windows-amd64)
# No core dump will be written. Minidumps are not enabled by default on client versions of Windows
#

---------------  S U M M A R Y ------------

Command Line: -ea -Didea.test.cyclic.buffer.size=1048576 -javaagent:C:\Program Files\JetBrains\IntelliJ IDEA Community Edition 2023.2.1\lib\idea_rt.jar=50348:C:\Program Files\JetBrains\IntelliJ IDEA Community Edition 2023.2.1\bin -Djunit.jupiter.conditions.deactivate=org.junit.*DisabledCondition -Dfile.encoding=UTF-8 com.intellij.rt.junit.JUnitStarter -ideVersion5 -junit5 pl.pingwit.pingwitseatreservations.integration.PlaceIT,verifyProductLifecycle

Host: Intel(R) Core(TM) i5-4570 CPU @ 3.20GHz, 4 cores, 15G,  Windows 10 , 64 bit Build 19041 (10.0.19041.3636)
Time: Sun May  5 01:29:58 2024 RTZ 2 (s 10 , 64 bit Build 19041 (10.0.19041.3636) elapsed time: 0.035260 seconds (0d 0h 0m 0s)

---------------  T H R E A D  ---------------

Current thread (0x000001fcdf15ebb0):  JavaThread "Unknown thread" [_thread_in_vm, id=11076, stack(0x0000002f71e00000,0x0000002f71f00000)]

Stack: [0x0000002f71e00000,0x0000002f71f00000]
Native frames: (J=compiled Java code, j=interpreted, Vv=VM code, C=native code)
V  [jvm.dll+0x670baa]
V  [jvm.dll+0x7cfcb4]
V  [jvm.dll+0x7d145e]
V  [jvm.dll+0x7d1ac3]
V  [jvm.dll+0x242bc5]
V  [jvm.dll+0x66dac9]
V  [jvm.dll+0x662412]
V  [jvm.dll+0x300c0b]
V  [jvm.dll+0x3081a6]
V  [jvm.dll+0x357d0e]
V  [jvm.dll+0x357f3f]
V  [jvm.dll+0x2d7ec8]
V  [jvm.dll+0x2d8e34]
V  [jvm.dll+0x7a18c1]
V  [jvm.dll+0x365a91]
V  [jvm.dll+0x780d2c]
V  [jvm.dll+0x3e845f]
V  [jvm.dll+0x3e9f01]
C  [jli.dll+0x527b]
C  [ucrtbase.dll+0x21bb2]
C  [KERNEL32.DLL+0x17344]
C  [ntdll.dll+0x526b1]


---------------  P R O C E S S  ---------------

Threads class SMR info:
_java_thread_list=0x00007ff8a6429858, length=0, elements={
}

Java Threads: ( => current thread )

Other Threads:
  0x000001fcdd08e800 GCTaskThread "GC Thread#0" [stack: 0x0000002f71f00000,0x0000002f72000000] [id=9728]
  0x000001fcdf1bc430 ConcurrentGCThread "G1 Main Marker" [stack: 0x0000002f72000000,0x0000002f72100000] [id=1052]
  0x000001fcdf1bd3f0 ConcurrentGCThread "G1 Conc#0" [stack: 0x0000002f72100000,0x0000002f72200000] [id=1704]

[error occurred during error reporting (printing all threads), id 0xc0000005, EXCEPTION_ACCESS_VIOLATION (0xc0000005) at pc=0x00007ff8a5c788a7]

VM state: not at safepoint (not fully initialized)

VM Mutex/Monitor currently owned by a thread:  ([mutex/lock_event])
[0x000001fcdf15ba40] Heap_lock - owner thread: 0x000001fcdf15ebb0

Heap address: 0x0000000701a00000, size: 4070 MB, Compressed Oops mode: Zero based, Oop shift amount: 3

CDS archive(s) mapped at: [0x0000000000000000-0x0000000000000000-0x0000000000000000), size 0, SharedBaseAddress: 0x0000000800000000, ArchiveRelocationMode: 0.
Narrow klass base: 0x0000000000000000, Narrow klass shift: 0, Narrow klass range: 0x0

GC Precious Log:
<Empty>

Heap:
 garbage-first heap   total 0K, used 0K [0x0000000701a00000, 0x0000000800000000)
  region size 2048K, 0 young (0K), 0 survivors (0K)

[error occurred during error reporting (printing heap information), id 0xc0000005, EXCEPTION_ACCESS_VIOLATION (0xc0000005) at pc=0x00007ff8a6059f19]

GC Heap History (0 events):
No events

Deoptimization events (0 events):
No events

Classes unloaded (0 events):
No events

Classes redefined (0 events):
No events

Internal exceptions (0 events):
No events

VM Operations (0 events):
No events

Events (1 events):
Event: 0.015 Loaded shared library C:\Program Files\Java\jdk-17.0.2\bin\java.dll


Dynamic libraries:
0x00007ff6f3300000 - 0x00007ff6f330e000 	C:\Program Files\Java\jdk-17.0.2\bin\java.exe
0x00007ff8f5830000 - 0x00007ff8f5a28000 	C:\Windows\SYSTEM32\ntdll.dll
0x00007ff8f3860000 - 0x00007ff8f391d000 	C:\Windows\System32\KERNEL32.DLL
0x00007ff8f3090000 - 0x00007ff8f3386000 	C:\Windows\System32\KERNELBASE.dll
0x00007ff8f2ee0000 - 0x00007ff8f2fe0000 	C:\Windows\System32\ucrtbase.dll
0x00007ff8ee850000 - 0x00007ff8ee86a000 	C:\Program Files\Java\jdk-17.0.2\bin\VCRUNTIME140.dll
0x00007ff8ee8f0000 - 0x00007ff8ee908000 	C:\Program Files\Java\jdk-17.0.2\bin\jli.dll
0x00007ff8f3e10000 - 0x00007ff8f3faf000 	C:\Windows\System32\USER32.dll
0x00007ff8f3830000 - 0x00007ff8f3852000 	C:\Windows\System32\win32u.dll
0x00007ff8f5170000 - 0x00007ff8f519b000 	C:\Windows\System32\GDI32.dll
0x00007ff8f3670000 - 0x00007ff8f3787000 	C:\Windows\System32\gdi32full.dll
0x00007ff8e28e0000 - 0x00007ff8e2b7a000 	C:\Windows\WinSxS\amd64_microsoft.windows.common-controls_6595b64144ccf1df_6.0.19041.3636_none_60b6a03d71f818d5\COMCTL32.dll
0x00007ff8f3790000 - 0x00007ff8f382d000 	C:\Windows\System32\msvcp_win.dll
0x00007ff8f3d60000 - 0x00007ff8f3dfe000 	C:\Windows\System32\msvcrt.dll
0x00007ff8f4080000 - 0x00007ff8f40b2000 	C:\Windows\System32\IMM32.DLL
0x00007ff8f0620000 - 0x00007ff8f062c000 	C:\Program Files\Java\jdk-17.0.2\bin\vcruntime140_1.dll
0x00007ff8ce500000 - 0x00007ff8ce58d000 	C:\Program Files\Java\jdk-17.0.2\bin\msvcp140.dll
0x00007ff8a5990000 - 0x00007ff8a6551000 	C:\Program Files\Java\jdk-17.0.2\bin\server\jvm.dll
0x00007ff8f4190000 - 0x00007ff8f4240000 	C:\Windows\System32\ADVAPI32.dll
0x00007ff8f4460000 - 0x00007ff8f4500000 	C:\Windows\System32\sechost.dll
0x00007ff8f3920000 - 0x00007ff8f3a43000 	C:\Windows\System32\RPCRT4.dll
0x00007ff8f3640000 - 0x00007ff8f3667000 	C:\Windows\System32\bcrypt.dll
0x00007ff8f3e00000 - 0x00007ff8f3e08000 	C:\Windows\System32\PSAPI.DLL
0x00007ff8e16e0000 - 0x00007ff8e1707000 	C:\Windows\SYSTEM32\WINMM.dll
0x00007ff8eeb50000 - 0x00007ff8eeb59000 	C:\Windows\SYSTEM32\WSOCK32.dll
0x00007ff8f4010000 - 0x00007ff8f407b000 	C:\Windows\System32\WS2_32.dll
0x00007ff8e42b0000 - 0x00007ff8e42ba000 	C:\Windows\SYSTEM32\VERSION.dll
0x00007ff8f0d50000 - 0x00007ff8f0d62000 	C:\Windows\SYSTEM32\kernel.appcore.dll
0x00007ff8ee840000 - 0x00007ff8ee84a000 	C:\Program Files\Java\jdk-17.0.2\bin\jimage.dll
0x00007ff8dafd0000 - 0x00007ff8db1b4000 	C:\Windows\SYSTEM32\DBGHELP.DLL
0x00007ff8dadb0000 - 0x00007ff8dade4000 	C:\Windows\SYSTEM32\dbgcore.DLL
0x00007ff8f3560000 - 0x00007ff8f35e2000 	C:\Windows\System32\bcryptPrimitives.dll
0x00007ff8ee970000 - 0x00007ff8ee97e000 	C:\Program Files\Java\jdk-17.0.2\bin\instrument.dll
0x00007ff8e8f80000 - 0x00007ff8e8fa5000 	C:\Program Files\Java\jdk-17.0.2\bin\java.dll

dbghelp: loaded successfully - version: 4.0.5 - missing functions: none
symbol engine: initialized successfully - sym options: 0x614 - pdb path: .;C:\Program Files\Java\jdk-17.0.2\bin;C:\Windows\SYSTEM32;C:\Windows\WinSxS\amd64_microsoft.windows.common-controls_6595b64144ccf1df_6.0.19041.3636_none_60b6a03d71f818d5;C:\Program Files\Java\jdk-17.0.2\bin\server

VM Arguments:
jvm_args: -ea -Didea.test.cyclic.buffer.size=1048576 -javaagent:C:\Program Files\JetBrains\IntelliJ IDEA Community Edition 2023.2.1\lib\idea_rt.jar=50348:C:\Program Files\JetBrains\IntelliJ IDEA Community Edition 2023.2.1\bin -Djunit.jupiter.conditions.deactivate=org.junit.*DisabledCondition -Dfile.encoding=UTF-8 
java_command: com.intellij.rt.junit.JUnitStarter -ideVersion5 -junit5 pl.pingwit.pingwitseatreservations.integration.PlaceIT,verifyProductLifecycle
java_class_path (initial): C:\Users\user\.m2\repository\org\junit\platform\junit-platform-launcher\1.10.2\junit-platform-launcher-1.10.2.jar;C:\Users\user\.m2\repository\org\junit\vintage\junit-vintage-engine\5.10.2\junit-vintage-engine-5.10.2.jar;C:\Program Files\JetBrains\IntelliJ IDEA Community Edition 2023.2.1\lib\idea_rt.jar;C:\Program Files\JetBrains\IntelliJ IDEA Community Edition 2023.2.1\plugins\junit\lib\junit5-rt.jar;C:\Program Files\JetBrains\IntelliJ IDEA Community Edition 2023.2.1\plugins\junit\lib\junit-rt.jar;C:\Users\user\IdeaProjects\Pingwit-7\pingwit_7_final_projectñùâó\target\test-classes;C:\Users\user\IdeaProjects\Pingwit-7\pingwit_7_final_projectñùâó\target\classes;C:\Users\user\.m2\repository\org\springframework\boot\spring-boot-starter-data-jpa\3.2.4\spring-boot-starter-data-jpa-3.2.4.jar;C:\Users\user\.m2\repository\org\springframework\boot\spring-boot-starter-aop\3.2.4\spring-boot-starter-aop-3.2.4.jar;C:\Users\user\.m2\repository\org\aspectj\aspectjweaver\1.9.21\aspectjweaver-1.9.21.jar;C:\Users\user\.m2\repository\org\springframework\boot\spring-boot-starter-jdbc\3.2.4\spring-boot-starter-jdbc-3.2.4.jar;C:\Users\user\.m2\repository\com\zaxxer\HikariCP\5.0.1\HikariCP-5.0.1.jar;C:\Users\user\.m2\repository\org\springframework\spring-jdbc\6.1.5\spring-jdbc-6.1.5.jar;C:\Users\user\.m2\repository\org\hibernate\orm\hibernate-core\6.4.4.Final\hibernate-core-6.4.4.Final.jar;C:\Users\user\.m2\repository\jakarta\persistence\jakarta.persistence-api\3.1.0\jakarta.persistence-api-3.1.0.jar;C:\Users\user\.m2\repository\jakarta\transaction\jakarta.transaction-api\2.0.1\jakarta.transaction-api-2.0.1.jar;C:\Users\user\.m2\repository\org\jboss\logging\jboss-logging\3.5.3.Final\jboss-logging-3.5.3.Final.jar;C:\Users\user\.m2\repository\org\hibernate\common\hibernate-commons-annotations\6.0.6.Final\hibernate-commons-annotations-6.0.6.Final.jar;C:\Users\user\.m2\repository\io\smallrye\jandex\3.1.2\jandex-3.1.2.jar;C:\Users\user\.m2\repository\com\fasterxml\
Launcher Type: SUN_STANDARD

[Global flags]
     intx CICompilerCount                          = 3                                         {product} {ergonomic}
     uint ConcGCThreads                            = 1                                         {product} {ergonomic}
     uint G1ConcRefinementThreads                  = 4                                         {product} {ergonomic}
   size_t G1HeapRegionSize                         = 2097152                                   {product} {ergonomic}
    uintx GCDrainStackTargetSize                   = 64                                        {product} {ergonomic}
   size_t InitialHeapSize                          = 268435456                                 {product} {ergonomic}
   size_t MarkStackSize                            = 4194304                                   {product} {ergonomic}
   size_t MaxHeapSize                              = 4267704320                                {product} {ergonomic}
   size_t MinHeapDeltaBytes                        = 2097152                                   {product} {ergonomic}
   size_t MinHeapSize                              = 8388608                                   {product} {ergonomic}
    uintx NonNMethodCodeHeapSize                   = 5832780                                {pd product} {ergonomic}
    uintx NonProfiledCodeHeapSize                  = 122912730                              {pd product} {ergonomic}
    uintx ProfiledCodeHeapSize                     = 122912730                              {pd product} {ergonomic}
    uintx ReservedCodeCacheSize                    = 251658240                              {pd product} {ergonomic}
     bool SegmentedCodeCache                       = true                                      {product} {ergonomic}
   size_t SoftMaxHeapSize                          = 4267704320                             {manageable} {ergonomic}
     bool UseCompressedClassPointers               = true                           {product lp64_product} {ergonomic}
     bool UseCompressedOops                        = true                           {product lp64_product} {ergonomic}
     bool UseG1GC                                  = true                                      {product} {ergonomic}
     bool UseLargePagesIndividualAllocation        = false                                  {pd product} {ergonomic}

Logging:
Log output configuration:
 #0: stdout all=warning uptime,level,tags
 #1: stderr all=off uptime,level,tags

Environment Variables:
JAVA_HOME=C:\Program Files\Java\jdk-17.0.2
PATH=C:\Windows\system32;C:\Windows;C:\Windows\System32\Wbem;C:\Windows\System32\WindowsPowerShell\v1.0\;C:\Windows\System32\OpenSSH\;C:\Program Files\nodejs\;C:\Program Files (x86)\Yarn\bin;C:\Program Files\Java\jdk-17.0.2\bin;C:\Program Files\Maven\apache-maven-3.9.4\bin;C:\Program Files\Git\cmd;C:\Program Files\Docker\Docker\resources\bin;C:\Program Files\PowerShell\7\;C:\Users\user\AppData\Local\Microsoft\WindowsApps;;C:\Users\user\AppData\Local\Programs\Microsoft VS Code\bin;C:\Users\user\AppData\Roaming\npm;C:\Program Files\JetBrains\WebStorm 2022.2\bin;;C:\Users\user\AppData\Local\Yarn\bin;C:\Program Files\JetBrains\IntelliJ IDEA Community Edition 2023.2.1\bin;
USERNAME=user
OS=Windows_NT
PROCESSOR_IDENTIFIER=Intel64 Family 6 Model 60 Stepping 3, GenuineIntel



---------------  S Y S T E M  ---------------

OS:
 Windows 10 , 64 bit Build 19041 (10.0.19041.3636)
OS uptime: 5 days 6:05 hours
Hyper-V role detected

CPU: total 4 (initial active 4) (4 cores per cpu, 1 threads per core) family 6 model 60 stepping 3 microcode 0x27, cx8, cmov, fxsr, mmx, sse, sse2, sse3, ssse3, sse4.1, sse4.2, popcnt, lzcnt, tsc, tscinvbit, avx, avx2, aes, erms, clmul, bmi1, bmi2, fma, vzeroupper, clflush, hv

Memory: 4k page, system-wide physical 16274M (2039M free)
TotalPageFile size 16274M (AvailPageFile size 155M)
current process WorkingSet (physical memory assigned to process): 10M, peak: 10M
current process commit charge ("private bytes"): 51M, peak: 307M

vm_info: OpenJDK 64-Bit Server VM (17.0.2+8-86) for windows-amd64 JRE (17.0.2+8-86), built on Dec  7 2021 21:49:10 by "mach5one" with MS VC++ 16.8 / 16.9 (VS2019)

END.
